app/build/intermediates/manifest_merge_blame_file/debug/manifest-merger-blame-debug-report.txt
1<?xml version="1.0" encoding="utf-8"?>
2<manifest xmlns:android="http://schemas.android.com/apk/res/android"
3    package="com.example.wechat"
4    android:versionCode="1"
5    android:versionName="1.0" >
6
7    <uses-sdk
8        android:minSdkVersion="21"
8-->src\main\AndroidManifest.xml
9        android:targetSdkVersion="33" />
9-->src\main\AndroidManifest.xml
10
11    <uses-permission android:name="android.permission.READ_EXTERNAL_STORAGE" />
11-->src\main\AndroidManifest.xml:4:5-80
11-->src\main\AndroidManifest.xml:4:22-77
12    <uses-permission android:name="android.permission.INTERNET" />
12-->[com.google.firebase:firebase-auth:22.1.0] AndroidManifest.xml:25:5-67
12-->[com.google.firebase:firebase-auth:22.1.0] AndroidManifest.xml:25:22-64
13    <uses-permission android:name="android.permission.ACCESS_NETWORK_STATE" />
13-->[com.google.firebase:firebase-auth:22.1.0] AndroidManifest.xml:26:5-79
13-->[com.google.firebase:firebase-auth:22.1.0] AndroidManifest.xml:26:22-76
14    <uses-permission android:name="android.permission.POST_NOTIFICATIONS" />
14-->[com.google.firebase:firebase-messaging:23.1.2] AndroidManifest.xml:25:5-77
14-->[com.google.firebase:firebase-messaging:23.1.2] AndroidManifest.xml:25:22-74
15    <uses-permission android:name="android.permission.WAKE_LOCK" /> <!-- Required by older versions of Google Play services to create IID tokens -->
15-->[com.google.firebase:firebase-messaging:23.1.2] AndroidManifest.xml:26:5-68
15-->[com.google.firebase:firebase-messaging:23.1.2] AndroidManifest.xml:26:22-65
16    <uses-permission android:name="com.google.android.c2dm.permission.RECEIVE" />
16-->[com.google.firebase:firebase-messaging:23.1.2] AndroidManifest.xml:28:5-82
16-->[com.google.firebase:firebase-messaging:23.1.2] AndroidManifest.xml:28:22-79
17
18    <permission
18-->[androidx.core:core:1.9.0] AndroidManifest.xml:22:5-24:47
19        android:name="com.example.wechat.DYNAMIC_RECEIVER_NOT_EXPORTED_PERMISSION"
19-->[androidx.core:core:1.9.0] AndroidManifest.xml:23:9-81
20        android:protectionLevel="signature" />
20-->[androidx.core:core:1.9.0] AndroidManifest.xml:24:9-44
21
22    <uses-permission android:name="com.example.wechat.DYNAMIC_RECEIVER_NOT_EXPORTED_PERMISSION" />
22-->[androidx.core:core:1.9.0] AndroidManifest.xml:26:5-97
22-->[androidx.core:core:1.9.0] AndroidManifest.xml:26:22-94
23
24    <application
24-->src\main\AndroidManifest.xml:6:5-50:19
25        android:allowBackup="true"
25-->src\main\AndroidManifest.xml:7:9-35
26        android:appComponentFactory="androidx.core.app.CoreComponentFactory"
26-->[androidx.core:core:1.9.0] AndroidManifest.xml:28:18-86
27        android:dataExtractionRules="@xml/data_extraction_rules"
27-->src\main\AndroidManifest.xml:8:9-65
28        android:debuggable="true"
29        android:fullBackupContent="@xml/backup_rules"
29-->src\main\AndroidManifest.xml:9:9-54
30        android:icon="@mipmap/ic_launcher"
30-->src\main\AndroidManifest.xml:10:9-43
31        android:label="@string/app_name"
31-->src\main\AndroidManifest.xml:11:9-41
32        android:supportsRtl="true"
32-->src\main\AndroidManifest.xml:12:9-35
33        android:theme="@style/Theme.WeChat" >
33-->src\main\AndroidManifest.xml:13:9-44
34        <activity
34-->src\main\AndroidManifest.xml:17:9-19:40
35            android:name="com.example.wechat.SettingsActivity"
35-->src\main\AndroidManifest.xml:18:13-45
36            android:exported="false" />
36-->src\main\AndroidManifest.xml:19:13-37
37        <activity
37-->src\main\AndroidManifest.xml:20:9-22:40
38            android:name="com.example.wechat.GroupChatActivity"
38-->src\main\AndroidManifest.xml:21:13-46
39            android:exported="false" />
39-->src\main\AndroidManifest.xml:22:13-37
40        <activity
40-->src\main\AndroidManifest.xml:23:9-25:40
41            android:name="com.example.wechat.ChatDetailActivity"
41-->src\main\AndroidManifest.xml:24:13-47
42            android:exported="false" />
42-->src\main\AndroidManifest.xml:25:13-37
43        <activity
43-->src\main\AndroidManifest.xml:26:9-34:20
44            android:name="com.example.wechat.SplashActivity"
44-->src\main\AndroidManifest.xml:27:13-43
45            android:exported="true" >
45-->src\main\AndroidManifest.xml:28:13-36
46            <intent-filter>
46-->src\main\AndroidManifest.xml:29:13-33:29
47                <action android:name="android.intent.action.MAIN" />
47-->src\main\AndroidManifest.xml:30:17-69
47-->src\main\AndroidManifest.xml:30:25-66
48
49                <category android:name="android.intent.category.LAUNCHER" />
49-->src\main\AndroidManifest.xml:32:17-77
49-->src\main\AndroidManifest.xml:32:27-74
50            </intent-filter>
51        </activity>
52        <activity
52-->src\main\AndroidManifest.xml:35:9-37:40
53            android:name="com.example.wechat.SignlnActivity"
53-->src\main\AndroidManifest.xml:36:13-43
54            android:exported="false" />
54-->src\main\AndroidManifest.xml:37:13-37
55        <activity
55-->src\main\AndroidManifest.xml:38:9-40:40
56            android:name="com.example.wechat.SignUpActivity"
56-->src\main\AndroidManifest.xml:39:13-43
57            android:exported="false" />
57-->src\main\AndroidManifest.xml:40:13-37
58        <activity
58-->src\main\AndroidManifest.xml:41:9-43:40
59            android:name="com.example.wechat.MainActivity"
59-->src\main\AndroidManifest.xml:42:13-41
60            android:exported="false" />
60-->src\main\AndroidManifest.xml:43:13-37
61
62        <service
62-->src\main\AndroidManifest.xml:45:9-49:19
63            android:name="com.example.wechat.FCMNotificationSerivece"
63-->src\main\AndroidManifest.xml:45:18-57
64            android:exported="false" >
64-->src\main\AndroidManifest.xml:45:58-82
65            <intent-filter>
65-->src\main\AndroidManifest.xml:46:13-48:29
66                <action android:name="com.google.firebase.MESSAGING_EVENT" />
66-->src\main\AndroidManifest.xml:47:17-77
66-->src\main\AndroidManifest.xml:47:25-75
67            </intent-filter>
68        </service>
69
70        <activity
70-->[com.google.firebase:firebase-auth:22.1.0] AndroidManifest.xml:29:9-46:20
71            android:name="com.google.firebase.auth.internal.GenericIdpActivity"
71-->[com.google.firebase:firebase-auth:22.1.0] AndroidManifest.xml:30:13-80
72            android:excludeFromRecents="true"
72-->[com.google.firebase:firebase-auth:22.1.0] AndroidManifest.xml:31:13-46
73            android:exported="true"
73-->[com.google.firebase:firebase-auth:22.1.0] AndroidManifest.xml:32:13-36
74            android:launchMode="singleTask"
74-->[com.google.firebase:firebase-auth:22.1.0] AndroidManifest.xml:33:13-44
75            android:theme="@android:style/Theme.Translucent.NoTitleBar" >
75-->[com.google.firebase:firebase-auth:22.1.0] AndroidManifest.xml:34:13-72
76            <intent-filter>
76-->[com.google.firebase:firebase-auth:22.1.0] AndroidManifest.xml:35:13-45:29
77                <action android:name="android.intent.action.VIEW" />
77-->[com.google.firebase:firebase-auth:22.1.0] AndroidManifest.xml:36:17-69
77-->[com.google.firebase:firebase-auth:22.1.0] AndroidManifest.xml:36:25-66
78
79                <category android:name="android.intent.category.DEFAULT" />
79-->[com.google.firebase:firebase-auth:22.1.0] AndroidManifest.xml:38:17-76
79-->[com.google.firebase:firebase-auth:22.1.0] AndroidManifest.xml:38:27-73
80                <category android:name="android.intent.category.BROWSABLE" />
80-->[com.google.firebase:firebase-auth:22.1.0] AndroidManifest.xml:39:17-78
80-->[com.google.firebase:firebase-auth:22.1.0] AndroidManifest.xml:39:27-75
81
82                <data
82-->[com.google.firebase:firebase-auth:22.1.0] AndroidManifest.xml:41:17-44:51
83                    android:host="firebase.auth"
83-->[com.google.firebase:firebase-auth:22.1.0] AndroidManifest.xml:42:21-49
84                    android:path="/"
84-->[com.google.firebase:firebase-auth:22.1.0] AndroidManifest.xml:43:21-37
85                    android:scheme="genericidp" />
85-->[com.google.firebase:firebase-auth:22.1.0] AndroidManifest.xml:44:21-48
86            </intent-filter>
87        </activity>
88        <activity
88-->[com.google.firebase:firebase-auth:22.1.0] AndroidManifest.xml:47:9-64:20
89            android:name="com.google.firebase.auth.internal.RecaptchaActivity"
89-->[com.google.firebase:firebase-auth:22.1.0] AndroidManifest.xml:48:13-79
90            android:excludeFromRecents="true"
90-->[com.google.firebase:firebase-auth:22.1.0] AndroidManifest.xml:49:13-46
91            android:exported="true"
91-->[com.google.firebase:firebase-auth:22.1.0] AndroidManifest.xml:50:13-36
92            android:launchMode="singleTask"
92-->[com.google.firebase:firebase-auth:22.1.0] AndroidManifest.xml:51:13-44
93            android:theme="@android:style/Theme.Translucent.NoTitleBar" >
93-->[com.google.firebase:firebase-auth:22.1.0] AndroidManifest.xml:52:13-72
94            <intent-filter>
94-->[com.google.firebase:firebase-auth:22.1.0] AndroidManifest.xml:53:13-63:29
95                <action android:name="android.intent.action.VIEW" />
95-->[com.google.firebase:firebase-auth:22.1.0] AndroidManifest.xml:36:17-69
95-->[com.google.firebase:firebase-auth:22.1.0] AndroidManifest.xml:36:25-66
96
97                <category android:name="android.intent.category.DEFAULT" />
97-->[com.google.firebase:firebase-auth:22.1.0] AndroidManifest.xml:38:17-76
97-->[com.google.firebase:firebase-auth:22.1.0] AndroidManifest.xml:38:27-73
98                <category android:name="android.intent.category.BROWSABLE" />
98-->[com.google.firebase:firebase-auth:22.1.0] AndroidManifest.xml:39:17-78
98-->[com.google.firebase:firebase-auth:22.1.0] AndroidManifest.xml:39:27-75
99
100                <data
100-->[com.google.firebase:firebase-auth:22.1.0] AndroidManifest.xml:41:17-44:51
101                    android:host="firebase.auth"
101-->[com.google.firebase:firebase-auth:22.1.0] AndroidManifest.xml:42:21-49
102                    android:path="/"
102-->[com.google.firebase:firebase-auth:22.1.0] AndroidManifest.xml:43:21-37
103                    android:scheme="recaptcha" />
103-->[com.google.firebase:firebase-auth:22.1.0] AndroidManifest.xml:44:21-48
104            </intent-filter>
105        </activity>
106
107        <service
107-->[com.google.firebase:firebase-auth:22.1.0] AndroidManifest.xml:66:9-72:19
108            android:name="com.google.firebase.components.ComponentDiscoveryService"
108-->[com.google.firebase:firebase-auth:22.1.0] AndroidManifest.xml:67:13-84
109            android:directBootAware="true"
109-->[com.google.firebase:firebase-common:20.3.3] AndroidManifest.xml:34:13-43
110            android:exported="false" >
110-->[com.google.firebase:firebase-auth:22.1.0] AndroidManifest.xml:68:13-37
111            <meta-data
111-->[com.google.firebase:firebase-auth:22.1.0] AndroidManifest.xml:69:13-71:85
112                android:name="com.google.firebase.components:com.google.firebase.auth.FirebaseAuthRegistrar"
112-->[com.google.firebase:firebase-auth:22.1.0] AndroidManifest.xml:70:17-109
113                android:value="com.google.firebase.components.ComponentRegistrar" />
113-->[com.google.firebase:firebase-auth:22.1.0] AndroidManifest.xml:71:17-82
114            <meta-data
114-->[com.google.firebase:firebase-database:20.2.2] AndroidManifest.xml:31:13-33:85
115                android:name="com.google.firebase.components:com.google.firebase.database.DatabaseRegistrar"
115-->[com.google.firebase:firebase-database:20.2.2] AndroidManifest.xml:32:17-109
116                android:value="com.google.firebase.components.ComponentRegistrar" />
116-->[com.google.firebase:firebase-database:20.2.2] AndroidManifest.xml:33:17-82
117            <meta-data
117-->[com.google.firebase:firebase-storage:20.2.1] AndroidManifest.xml:32:13-34:85
118                android:name="com.google.firebase.components:com.google.firebase.storage.StorageRegistrar"
118-->[com.google.firebase:firebase-storage:20.2.1] AndroidManifest.xml:33:17-107
119                android:value="com.google.firebase.components.ComponentRegistrar" />
119-->[com.google.firebase:firebase-storage:20.2.1] AndroidManifest.xml:34:17-82
120            <meta-data
120-->[com.google.firebase:firebase-messaging:23.1.2] AndroidManifest.xml:55:13-57:85
121                android:name="com.google.firebase.components:com.google.firebase.messaging.FirebaseMessagingRegistrar"
121-->[com.google.firebase:firebase-messaging:23.1.2] AndroidManifest.xml:56:17-119
122                android:value="com.google.firebase.components.ComponentRegistrar" />
122-->[com.google.firebase:firebase-messaging:23.1.2] AndroidManifest.xml:57:17-82
123            <meta-data
123-->[com.google.firebase:firebase-datatransport:18.1.7] AndroidManifest.xml:27:13-29:85
124                android:name="com.google.firebase.components:com.google.firebase.datatransport.TransportRegistrar"
124-->[com.google.firebase:firebase-datatransport:18.1.7] AndroidManifest.xml:28:17-115
125                android:value="com.google.firebase.components.ComponentRegistrar" />
125-->[com.google.firebase:firebase-datatransport:18.1.7] AndroidManifest.xml:29:17-82
126            <meta-data
126-->[com.google.firebase:firebase-installations:17.1.3] AndroidManifest.xml:17:13-19:85
127                android:name="com.google.firebase.components:com.google.firebase.installations.FirebaseInstallationsRegistrar"
127-->[com.google.firebase:firebase-installations:17.1.3] AndroidManifest.xml:18:17-127
128                android:value="com.google.firebase.components.ComponentRegistrar" />
128-->[com.google.firebase:firebase-installations:17.1.3] AndroidManifest.xml:19:17-82
129        </service>
130
131        <activity
131-->[com.google.android.gms:play-services-auth:20.6.0] AndroidManifest.xml:23:9-27:75
132            android:name="com.google.android.gms.auth.api.signin.internal.SignInHubActivity"
132-->[com.google.android.gms:play-services-auth:20.6.0] AndroidManifest.xml:24:13-93
133            android:excludeFromRecents="true"
133-->[com.google.android.gms:play-services-auth:20.6.0] AndroidManifest.xml:25:13-46
134            android:exported="false"
134-->[com.google.android.gms:play-services-auth:20.6.0] AndroidManifest.xml:26:13-37
135            android:theme="@android:style/Theme.Translucent.NoTitleBar" />
135-->[com.google.android.gms:play-services-auth:20.6.0] AndroidManifest.xml:27:13-72
136        <!--
137            Service handling Google Sign-In user revocation. For apps that do not integrate with
138            Google Sign-In, this service will never be started.
139        -->
140        <service
140-->[com.google.android.gms:play-services-auth:20.6.0] AndroidManifest.xml:33:9-37:51
141            android:name="com.google.android.gms.auth.api.signin.RevocationBoundService"
141-->[com.google.android.gms:play-services-auth:20.6.0] AndroidManifest.xml:34:13-89
142            android:exported="true"
142-->[com.google.android.gms:play-services-auth:20.6.0] AndroidManifest.xml:35:13-36
143            android:permission="com.google.android.gms.auth.api.signin.permission.REVOCATION_NOTIFICATION"
143-->[com.google.android.gms:play-services-auth:20.6.0] AndroidManifest.xml:36:13-107
144            android:visibleToInstantApps="true" />
144-->[com.google.android.gms:play-services-auth:20.6.0] AndroidManifest.xml:37:13-48
145
146        <provider
146-->[com.squareup.picasso:picasso:2.71828] AndroidManifest.xml:8:9-11:40
147            android:name="com.squareup.picasso.PicassoProvider"
147-->[com.squareup.picasso:picasso:2.71828] AndroidManifest.xml:9:13-64
148            android:authorities="com.example.wechat.com.squareup.picasso"
148-->[com.squareup.picasso:picasso:2.71828] AndroidManifest.xml:10:13-72
149            android:exported="false" />
149-->[com.squareup.picasso:picasso:2.71828] AndroidManifest.xml:11:13-37
150
151        <receiver
151-->[com.google.firebase:firebase-messaging:23.1.2] AndroidManifest.xml:31:9-38:20
152            android:name="com.google.firebase.iid.FirebaseInstanceIdReceiver"
152-->[com.google.firebase:firebase-messaging:23.1.2] AndroidManifest.xml:32:13-78
153            android:exported="true"
153-->[com.google.firebase:firebase-messaging:23.1.2] AndroidManifest.xml:33:13-36
154            android:permission="com.google.android.c2dm.permission.SEND" >
154-->[com.google.firebase:firebase-messaging:23.1.2] AndroidManifest.xml:34:13-73
155            <intent-filter>
155-->[com.google.firebase:firebase-messaging:23.1.2] AndroidManifest.xml:35:13-37:29
156                <action android:name="com.google.android.c2dm.intent.RECEIVE" />
156-->[com.google.firebase:firebase-messaging:23.1.2] AndroidManifest.xml:36:17-81
156-->[com.google.firebase:firebase-messaging:23.1.2] AndroidManifest.xml:36:25-78
157            </intent-filter>
158        </receiver>
159        <!--
160             FirebaseMessagingService performs security checks at runtime,
161             but set to not exported to explicitly avoid allowing another app to call it.
162        -->
163        <service
163-->[com.google.firebase:firebase-messaging:23.1.2] AndroidManifest.xml:44:9-51:19
164            android:name="com.google.firebase.messaging.FirebaseMessagingService"
164-->[com.google.firebase:firebase-messaging:23.1.2] AndroidManifest.xml:45:13-82
165            android:directBootAware="true"
165-->[com.google.firebase:firebase-messaging:23.1.2] AndroidManifest.xml:46:13-43
166            android:exported="false" >
166-->[com.google.firebase:firebase-messaging:23.1.2] AndroidManifest.xml:47:13-37
167            <intent-filter android:priority="-500" >
167-->src\main\AndroidManifest.xml:46:13-48:29
168                <action android:name="com.google.firebase.MESSAGING_EVENT" />
168-->src\main\AndroidManifest.xml:47:17-77
168-->src\main\AndroidManifest.xml:47:25-75
169            </intent-filter>
170        </service>
171        <service
171-->[com.google.android.datatransport:transport-backend-cct:3.1.8] AndroidManifest.xml:28:9-34:19
172            android:name="com.google.android.datatransport.runtime.backends.TransportBackendDiscovery"
172-->[com.google.android.datatransport:transport-backend-cct:3.1.8] AndroidManifest.xml:29:13-103
173            android:exported="false" >
173-->[com.google.android.datatransport:transport-backend-cct:3.1.8] AndroidManifest.xml:30:13-37
174            <meta-data
174-->[com.google.android.datatransport:transport-backend-cct:3.1.8] AndroidManifest.xml:31:13-33:39
175                android:name="backend:com.google.android.datatransport.cct.CctBackendFactory"
175-->[com.google.android.datatransport:transport-backend-cct:3.1.8] AndroidManifest.xml:32:17-94
176                android:value="cct" />
176-->[com.google.android.datatransport:transport-backend-cct:3.1.8] AndroidManifest.xml:33:17-36
177        </service>
178        <service
178-->[com.google.android.datatransport:transport-runtime:3.1.8] AndroidManifest.xml:26:9-30:19
179            android:name="com.google.android.datatransport.runtime.scheduling.jobscheduling.JobInfoSchedulerService"
179-->[com.google.android.datatransport:transport-runtime:3.1.8] AndroidManifest.xml:27:13-117
180            android:exported="false"
180-->[com.google.android.datatransport:transport-runtime:3.1.8] AndroidManifest.xml:28:13-37
181            android:permission="android.permission.BIND_JOB_SERVICE" >
181-->[com.google.android.datatransport:transport-runtime:3.1.8] AndroidManifest.xml:29:13-69
182        </service>
183
184        <receiver
184-->[com.google.android.datatransport:transport-runtime:3.1.8] AndroidManifest.xml:32:9-34:40
185            android:name="com.google.android.datatransport.runtime.scheduling.jobscheduling.AlarmManagerSchedulerBroadcastReceiver"
185-->[com.google.android.datatransport:transport-runtime:3.1.8] AndroidManifest.xml:33:13-132
186            android:exported="false" />
186-->[com.google.android.datatransport:transport-runtime:3.1.8] AndroidManifest.xml:34:13-37
187
188        <provider
188-->[com.google.firebase:firebase-common:20.3.3] AndroidManifest.xml:25:9-30:39
189            android:name="com.google.firebase.provider.FirebaseInitProvider"
189-->[com.google.firebase:firebase-common:20.3.3] AndroidManifest.xml:26:13-77
190            android:authorities="com.example.wechat.firebaseinitprovider"
190-->[com.google.firebase:firebase-common:20.3.3] AndroidManifest.xml:27:13-72
191            android:directBootAware="true"
191-->[com.google.firebase:firebase-common:20.3.3] AndroidManifest.xml:28:13-43
192            android:exported="false"
192-->[com.google.firebase:firebase-common:20.3.3] AndroidManifest.xml:29:13-37
193            android:initOrder="100" />
193-->[com.google.firebase:firebase-common:20.3.3] AndroidManifest.xml:30:13-36
194
195        <activity
195-->[com.google.android.gms:play-services-base:18.1.0] AndroidManifest.xml:20:9-22:45
196            android:name="com.google.android.gms.common.api.GoogleApiActivity"
196-->[com.google.android.gms:play-services-base:18.1.0] AndroidManifest.xml:20:19-85
197            android:exported="false"
197-->[com.google.android.gms:play-services-base:18.1.0] AndroidManifest.xml:22:19-43
198            android:theme="@android:style/Theme.Translucent.NoTitleBar" />
198-->[com.google.android.gms:play-services-base:18.1.0] AndroidManifest.xml:21:19-78
199
200        <meta-data
200-->[com.google.android.gms:play-services-basement:18.2.0] AndroidManifest.xml:21:9-23:69
201            android:name="com.google.android.gms.version"
201-->[com.google.android.gms:play-services-basement:18.2.0] AndroidManifest.xml:22:13-58
202            android:value="@integer/google_play_services_version" />
202-->[com.google.android.gms:play-services-basement:18.2.0] AndroidManifest.xml:23:13-66
203
204        <provider
204-->[androidx.emoji2:emoji2:1.2.0] AndroidManifest.xml:24:9-32:20
205            android:name="androidx.startup.InitializationProvider"
205-->[androidx.emoji2:emoji2:1.2.0] AndroidManifest.xml:25:13-67
206            android:authorities="com.example.wechat.androidx-startup"
206-->[androidx.emoji2:emoji2:1.2.0] AndroidManifest.xml:26:13-68
207            android:exported="false" >
207-->[androidx.emoji2:emoji2:1.2.0] AndroidManifest.xml:27:13-37
208            <meta-data
208-->[androidx.emoji2:emoji2:1.2.0] AndroidManifest.xml:29:13-31:52
209                android:name="androidx.emoji2.text.EmojiCompatInitializer"
209-->[androidx.emoji2:emoji2:1.2.0] AndroidManifest.xml:30:17-75
210                android:value="androidx.startup" />
210-->[androidx.emoji2:emoji2:1.2.0] AndroidManifest.xml:31:17-49
211            <meta-data
211-->[androidx.lifecycle:lifecycle-process:2.4.1] AndroidManifest.xml:31:13-33:52
212                android:name="androidx.lifecycle.ProcessLifecycleInitializer"
212-->[androidx.lifecycle:lifecycle-process:2.4.1] AndroidManifest.xml:32:17-78
213                android:value="androidx.startup" />
213-->[androidx.lifecycle:lifecycle-process:2.4.1] AndroidManifest.xml:33:17-49
214        </provider>
215    </application>
216
217</manifest>